Arguments: 
  /usr/local/bin/node /usr/local/Cellar/yarn/1.22.11/libexec/bin/yarn.js init

PATH: 
  /usr/local/opt/gnu-getopt/bin://Users/ck/opt/goroot/bin:/Users/ck/flutter/bin:/Users/ck/Library/Python/2.7/bin:/Users/ck/.fastlane/bin:/Users/ck/.local/share/solana/install/active_release/bin:/Users/ck/.helmenv/bin:/Users/ck/.local/share/solana/install/active_release/bin:/Users/ck/.cargo/bin:/usr/local/bin:/usr/bin:/bin:/usr/sbin:/sbin:/usr/local/go/bin:/usr/local/share/dotnet:~/.dotnet/tools:/Library/Apple/usr/bin:/Library/Frameworks/Mono.framework/Versions/Current/Commands:/usr/local/opt/gnu-getopt/bin://Users/ck/opt/goroot/bin:/Users/ck/flutter/bin:/Users/ck/Library/Python/2.7/bin:/Users/ck/.fastlane/bin:/Users/ck/.local/share/solana/install/active_release/bin:/Users/ck/.helmenv/bin:/Users/ck/.cargo/bin:/Users/ck/Library/Android/sdk/emulator:/Users/ck/Library/Android/sdk/tools:/Users/ck/Library/Android/sdk/tools/bin:/Users/ck/Library/Android/sdk/platform-tools:/Users/ck/opt/terraform/bin:/usr/local/opt/python@3.8/bin:/Users/ck/Library/Android/sdk/emulator:/Users/ck/Library/Android/sdk/tools:/Users/ck/Library/Android/sdk/tools/bin:/Users/ck/Library/Android/sdk/platform-tools:/Users/ck/opt/terraform/bin:/usr/local/opt/python@3.8/bin

Yarn version: 
  1.22.11

Node version: 
  15.10.0

Platform: 
  darwin x64

Trace: 
  Error: canceled
      at Interface.<anonymous> (/usr/local/Cellar/yarn/1.22.11/libexec/lib/cli.js:137023:13)
      at Interface.emit (node:events:378:20)
      at Interface._ttyWrite (node:readline:973:16)
      at ReadStream.onkeypress (node:readline:259:10)
      at ReadStream.emit (node:events:378:20)
      at emitKeys (node:internal/readline/utils:358:14)
      at emitKeys.next (<anonymous>)
      at ReadStream.onData (node:readline:1242:36)
      at ReadStream.emit (node:events:378:20)
      at addChunk (node:internal/streams/readable:313:12)

npm manifest: 
  No manifest

yarn manifest: 
  No manifest

Lockfile: 
  No lockfile
